# JRE version: OpenJDK Runtime Environment (17.0.7) (build 17.0.7+0-b2043.56-10550314)
# Java VM: OpenJDK 64-Bit Server VM (17.0.7+0-b2043.56-10550314, mixed mode, tiered, compressed oops, compressed class ptrs, g1 gc, windows-amd64)
GC Precious Log:
 CPUs: 8 total, 8 available
 Memory: 16253M
 Large Page Support: Disabled
 NUMA Support: Disabled
 Compressed Oops: Enabled (32-bit)
 Heap Region Size: 1M
 Heap Min Capacity: 8M
 Heap Initial Capacity: 254M
 Heap Max Capacity: 2G
 Pre-touch: Disabled
 Parallel Workers: 8
 Concurrent Workers: 2
 Concurrent Refinement Workers: 8
 Periodic GC: Disabled
Heap:
 garbage-first heap   total 135168K, used 85317K [0x0000000080000000, 0x0000000100000000)
  region size 1024K, 3 young (3072K), 3 survivors (3072K)
 Metaspace       used 88650K, committed 89216K, reserved 1179648K
  class space    used 12097K, committed 12352K, reserved 1048576K
GC Heap History (20 events):
Event: 8.311 GC heap after
{Heap after GC invocations=27 (full 0):
 garbage-first heap   total 112640K, used 63939K [0x0000000080000000, 0x0000000100000000)
  region size 1024K, 1 young (1024K), 1 survivors (1024K)
 Metaspace       used 66138K, committed 66688K, reserved 1114112K
  class space    used 8796K, committed 9088K, reserved 1048576K
}
Event: 8.592 GC heap before
{Heap before GC invocations=27 (full 0):
 garbage-first heap   total 112640K, used 86467K [0x0000000080000000, 0x0000000100000000)
  region size 1024K, 23 young (23552K), 1 survivors (1024K)
 Metaspace       used 68502K, committed 69056K, reserved 1114112K
  class space    used 9133K, committed 9408K, reserved 1048576K
}
Event: 8.594 GC heap after
{Heap after GC invocations=28 (full 0):
 garbage-first heap   total 135168K, used 64559K [0x0000000080000000, 0x0000000100000000)
  region size 1024K, 1 young (1024K), 1 survivors (1024K)
 Metaspace       used 68502K, committed 69056K, reserved 1114112K
  class space    used 9133K, committed 9408K, reserved 1048576K
}
Event: 9.128 GC heap before
{Heap before GC invocations=29 (full 0):
 garbage-first heap   total 135168K, used 107567K [0x0000000080000000, 0x0000000100000000)
  region size 1024K, 37 young (37888K), 1 survivors (1024K)
 Metaspace       used 71572K, committed 72128K, reserved 1114112K
  class space    used 9575K, committed 9856K, reserved 1048576K
}
Event: 9.131 GC heap after
{Heap after GC invocations=30 (full 0):
 garbage-first heap   total 135168K, used 68684K [0x0000000080000000, 0x0000000100000000)
  region size 1024K, 5 young (5120K), 5 survivors (5120K)
 Metaspace       used 71572K, committed 72128K, reserved 1114112K
  class space    used 9575K, committed 9856K, reserved 1048576K
}
Event: 9.138 GC heap before
{Heap before GC invocations=30 (full 0):
 garbage-first heap   total 135168K, used 69708K [0x0000000080000000, 0x0000000100000000)
  region size 1024K, 6 young (6144K), 5 survivors (5120K)
 Metaspace       used 71657K, committed 72256K, reserved 1114112K
  class space    used 9584K, committed 9856K, reserved 1048576K
}
Event: 9.140 GC heap after
{Heap after GC invocations=31 (full 0):
 garbage-first heap   total 135168K, used 69469K [0x0000000080000000, 0x0000000100000000)
  region size 1024K, 1 young (1024K), 1 survivors (1024K)
 Metaspace       used 71657K, committed 72256K, reserved 1114112K
  class space    used 9584K, committed 9856K, reserved 1048576K
}
Event: 9.454 GC heap before
{Heap before GC invocations=31 (full 0):
 garbage-first heap   total 135168K, used 103261K [0x0000000080000000, 0x0000000100000000)
  region size 1024K, 34 young (34816K), 1 survivors (1024K)
 Metaspace       used 74258K, committed 74880K, reserved 1114112K
  class space    used 9927K, committed 10240K, reserved 1048576K
}
Event: 9.456 GC heap after
{Heap after GC invocations=32 (full 0):
 garbage-first heap   total 135168K, used 70841K [0x0000000080000000, 0x0000000100000000)
  region size 1024K, 2 young (2048K), 2 survivors (2048K)
 Metaspace       used 74258K, committed 74880K, reserved 1114112K
  class space    used 9927K, committed 10240K, reserved 1048576K
}
Event: 9.913 GC heap before
{Heap before GC invocations=32 (full 0):
 garbage-first heap   total 135168K, used 109753K [0x0000000080000000, 0x0000000100000000)
  region size 1024K, 36 young (36864K), 2 survivors (2048K)
 Metaspace       used 77320K, committed 77888K, reserved 1179648K
  class space    used 10365K, committed 10624K, reserved 1048576K
}
Event: 9.915 GC heap after
{Heap after GC invocations=33 (full 0):
 garbage-first heap   total 135168K, used 76603K [0x0000000080000000, 0x0000000100000000)
  region size 1024K, 4 young (4096K), 4 survivors (4096K)
 Metaspace       used 77320K, committed 77888K, reserved 1179648K
  class space    used 10365K, committed 10624K, reserved 1048576K
}
Event: 10.169 GC heap before
{Heap before GC invocations=33 (full 0):
 garbage-first heap   total 135168K, used 108347K [0x0000000080000000, 0x0000000100000000)
  region size 1024K, 35 young (35840K), 4 survivors (4096K)
 Metaspace       used 80950K, committed 81536K, reserved 1179648K
  class space    used 10861K, committed 11136K, reserved 1048576K
}
Event: 10.171 GC heap after
{Heap after GC invocations=34 (full 0):
 garbage-first heap   total 135168K, used 78582K [0x0000000080000000, 0x0000000100000000)
  region size 1024K, 4 young (4096K), 4 survivors (4096K)
 Metaspace       used 80950K, committed 81536K, reserved 1179648K
  class space    used 10861K, committed 11136K, reserved 1048576K
}
Event: 10.473 GC heap before
{Heap before GC invocations=34 (full 0):
 garbage-first heap   total 135168K, used 109302K [0x0000000080000000, 0x0000000100000000)
  region size 1024K, 34 young (34816K), 4 survivors (4096K)
 Metaspace       used 83123K, committed 83712K, reserved 1179648K
  class space    used 11154K, committed 11392K, reserved 1048576K
}
Event: 10.477 GC heap after
{Heap after GC invocations=35 (full 0):
 garbage-first heap   total 135168K, used 80282K [0x0000000080000000, 0x0000000100000000)
  region size 1024K, 4 young (4096K), 4 survivors (4096K)
 Metaspace       used 83123K, committed 83712K, reserved 1179648K
  class space    used 11154K, committed 11392K, reserved 1048576K
}
Event: 10.777 GC heap before
{Heap before GC invocations=35 (full 0):
 garbage-first heap   total 135168K, used 111002K [0x0000000080000000, 0x0000000100000000)
  region size 1024K, 34 young (34816K), 4 survivors (4096K)
 Metaspace       used 84485K, committed 85056K, reserved 1179648K
  class space    used 11326K, committed 11584K, reserved 1048576K
}
Event: 10.780 GC heap after
{Heap after GC invocations=36 (full 0):
 garbage-first heap   total 135168K, used 83193K [0x0000000080000000, 0x0000000100000000)
  region size 1024K, 5 young (5120K), 5 survivors (5120K)
 Metaspace       used 84485K, committed 85056K, reserved 1179648K
  class space    used 11326K, committed 11584K, reserved 1048576K
}
Event: 11.009 GC heap before
{Heap before GC invocations=36 (full 0):
 garbage-first heap   total 135168K, used 110841K [0x0000000080000000, 0x0000000100000000)
  region size 1024K, 32 young (32768K), 5 survivors (5120K)
 Metaspace       used 86395K, committed 86976K, reserved 1179648K
  class space    used 11593K, committed 11840K, reserved 1048576K
}
Event: 11.011 GC heap after
{Heap after GC invocations=37 (full 0):
 garbage-first heap   total 135168K, used 84498K [0x0000000080000000, 0x0000000100000000)
  region size 1024K, 2 young (2048K), 2 survivors (2048K)
 Metaspace       used 86395K, committed 86976K, reserved 1179648K
  class space    used 11593K, committed 11840K, reserved 1048576K
}
Event: 11.370 GC heap before
{Heap before GC invocations=37 (full 0):
 garbage-first heap   total 135168K, used 111122K [0x0000000080000000, 0x0000000100000000)
  region size 1024K, 29 young (29696K), 2 survivors (2048K)
 Metaspace       used 88650K, committed 89216K, reserved 1179648K
  class space    used 12097K, committed 12352K, reserved 1048576K
}

