# JRE version: OpenJDK Runtime Environment (17.0.7) (build 17.0.7+0-b2043.56-10550314)
# Java VM: OpenJDK 64-Bit Server VM (17.0.7+0-b2043.56-10550314, mixed mode, tiered, compressed oops, compressed class ptrs, g1 gc, windows-amd64)
GC Precious Log:
 CPUs: 8 total, 8 available
 Memory: 16253M
 Large Page Support: Disabled
 NUMA Support: Disabled
 Compressed Oops: Enabled (32-bit)
 Heap Region Size: 1M
 Heap Min Capacity: 8M
 Heap Initial Capacity: 254M
 Heap Max Capacity: 2G
 Pre-touch: Disabled
 Parallel Workers: 8
 Concurrent Workers: 2
 Concurrent Refinement Workers: 8
 Periodic GC: Disabled
Heap:
 garbage-first heap   total 211968K, used 80439K [0x0000000080000000, 0x0000000100000000)
  region size 1024K, 2 young (2048K), 2 survivors (2048K)
 Metaspace       used 79762K, committed 80320K, reserved 1179648K
  class space    used 10745K, committed 11008K, reserved 1048576K
GC Heap History (20 events):
Event: 5.239 GC heap after
{Heap after GC invocations=25 (full 0):
 garbage-first heap   total 111616K, used 61397K [0x0000000080000000, 0x0000000100000000)
  region size 1024K, 2 young (2048K), 2 survivors (2048K)
 Metaspace       used 61900K, committed 62464K, reserved 1114112K
  class space    used 8313K, committed 8576K, reserved 1048576K
}
Event: 5.283 GC heap before
{Heap before GC invocations=25 (full 0):
 garbage-first heap   total 111616K, used 64469K [0x0000000080000000, 0x0000000100000000)
  region size 1024K, 5 young (5120K), 2 survivors (2048K)
 Metaspace       used 62748K, committed 63296K, reserved 1114112K
  class space    used 8425K, committed 8640K, reserved 1048576K
}
Event: 5.285 GC heap after
{Heap after GC invocations=26 (full 0):
 garbage-first heap   total 111616K, used 61620K [0x0000000080000000, 0x0000000100000000)
  region size 1024K, 1 young (1024K), 1 survivors (1024K)
 Metaspace       used 62748K, committed 63296K, reserved 1114112K
  class space    used 8425K, committed 8640K, reserved 1048576K
}
Event: 5.445 GC heap before
{Heap before GC invocations=26 (full 0):
 garbage-first heap   total 111616K, used 74932K [0x0000000080000000, 0x0000000100000000)
  region size 1024K, 16 young (16384K), 1 survivors (1024K)
 Metaspace       used 65299K, committed 65920K, reserved 1114112K
  class space    used 8746K, committed 9088K, reserved 1048576K
}
Event: 5.447 GC heap after
{Heap after GC invocations=27 (full 0):
 garbage-first heap   total 111616K, used 63300K [0x0000000080000000, 0x0000000100000000)
  region size 1024K, 2 young (2048K), 2 survivors (2048K)
 Metaspace       used 65299K, committed 65920K, reserved 1114112K
  class space    used 8746K, committed 9088K, reserved 1048576K
}
Event: 5.650 GC heap before
{Heap before GC invocations=28 (full 0):
 garbage-first heap   total 128000K, used 94020K [0x0000000080000000, 0x0000000100000000)
  region size 1024K, 27 young (27648K), 2 survivors (2048K)
 Metaspace       used 66427K, committed 67008K, reserved 1114112K
  class space    used 8898K, committed 9216K, reserved 1048576K
}
Event: 5.652 GC heap after
{Heap after GC invocations=29 (full 0):
 garbage-first heap   total 128000K, used 66379K [0x0000000080000000, 0x0000000100000000)
  region size 1024K, 4 young (4096K), 4 survivors (4096K)
 Metaspace       used 66427K, committed 67008K, reserved 1114112K
  class space    used 8898K, committed 9216K, reserved 1048576K
}
Event: 6.036 GC heap before
{Heap before GC invocations=29 (full 0):
 garbage-first heap   total 128000K, used 97099K [0x0000000080000000, 0x0000000100000000)
  region size 1024K, 34 young (34816K), 4 survivors (4096K)
 Metaspace       used 68764K, committed 69312K, reserved 1114112K
  class space    used 9208K, committed 9472K, reserved 1048576K
}
Event: 6.038 GC heap after
{Heap after GC invocations=30 (full 0):
 garbage-first heap   total 128000K, used 67769K [0x0000000080000000, 0x0000000100000000)
  region size 1024K, 5 young (5120K), 5 survivors (5120K)
 Metaspace       used 68764K, committed 69312K, reserved 1114112K
  class space    used 9208K, committed 9472K, reserved 1048576K
}
Event: 6.315 GC heap before
{Heap before GC invocations=31 (full 0):
 garbage-first heap   total 128000K, used 87225K [0x0000000080000000, 0x0000000100000000)
  region size 1024K, 25 young (25600K), 5 survivors (5120K)
 Metaspace       used 70546K, committed 71168K, reserved 1114112K
  class space    used 9480K, committed 9792K, reserved 1048576K
}
Event: 6.318 GC heap after
{Heap after GC invocations=32 (full 0):
 garbage-first heap   total 128000K, used 69115K [0x0000000080000000, 0x0000000100000000)
  region size 1024K, 3 young (3072K), 3 survivors (3072K)
 Metaspace       used 70546K, committed 71168K, reserved 1114112K
  class space    used 9480K, committed 9792K, reserved 1048576K
}
Event: 6.705 GC heap before
{Heap before GC invocations=33 (full 0):
 garbage-first heap   total 128000K, used 104955K [0x0000000080000000, 0x0000000100000000)
  region size 1024K, 34 young (34816K), 3 survivors (3072K)
 Metaspace       used 73869K, committed 74496K, reserved 1114112K
  class space    used 9928K, committed 10240K, reserved 1048576K
}
Event: 6.707 GC heap after
{Heap after GC invocations=34 (full 0):
 garbage-first heap   total 128000K, used 75222K [0x0000000080000000, 0x0000000100000000)
  region size 1024K, 5 young (5120K), 5 survivors (5120K)
 Metaspace       used 73869K, committed 74496K, reserved 1114112K
  class space    used 9928K, committed 10240K, reserved 1048576K
}
Event: 6.888 GC heap before
{Heap before GC invocations=34 (full 0):
 garbage-first heap   total 128000K, used 103894K [0x0000000080000000, 0x0000000100000000)
  region size 1024K, 33 young (33792K), 5 survivors (5120K)
 Metaspace       used 76473K, committed 76992K, reserved 1179648K
  class space    used 10290K, committed 10560K, reserved 1048576K
}
Event: 6.892 GC heap after
{Heap after GC invocations=35 (full 0):
 garbage-first heap   total 128000K, used 76702K [0x0000000080000000, 0x0000000100000000)
  region size 1024K, 4 young (4096K), 4 survivors (4096K)
 Metaspace       used 76473K, committed 76992K, reserved 1179648K
  class space    used 10290K, committed 10560K, reserved 1048576K
}
Event: 7.147 GC heap before
{Heap before GC invocations=36 (full 0):
 garbage-first heap   total 133120K, used 104350K [0x0000000080000000, 0x0000000100000000)
  region size 1024K, 32 young (32768K), 4 survivors (4096K)
 Metaspace       used 77975K, committed 78592K, reserved 1179648K
  class space    used 10490K, committed 10816K, reserved 1048576K
}
Event: 7.151 GC heap after
{Heap after GC invocations=37 (full 0):
 garbage-first heap   total 133120K, used 79398K [0x0000000080000000, 0x0000000100000000)
  region size 1024K, 4 young (4096K), 4 survivors (4096K)
 Metaspace       used 77975K, committed 78592K, reserved 1179648K
  class space    used 10490K, committed 10816K, reserved 1048576K
}
Event: 7.160 GC heap before
{Heap before GC invocations=37 (full 0):
 garbage-first heap   total 133120K, used 81446K [0x0000000080000000, 0x0000000100000000)
  region size 1024K, 6 young (6144K), 4 survivors (4096K)
 Metaspace       used 77978K, committed 78592K, reserved 1179648K
  class space    used 10490K, committed 10816K, reserved 1048576K
}
Event: 7.163 GC heap after
{Heap after GC invocations=38 (full 0):
 garbage-first heap   total 133120K, used 79469K [0x0000000080000000, 0x0000000100000000)
  region size 1024K, 1 young (1024K), 1 survivors (1024K)
 Metaspace       used 77978K, committed 78592K, reserved 1179648K
  class space    used 10490K, committed 10816K, reserved 1048576K
}
Event: 7.363 GC heap before
{Heap before GC invocations=38 (full 0):
 garbage-first heap   total 133120K, used 109165K [0x0000000080000000, 0x0000000100000000)
  region size 1024K, 30 young (30720K), 1 survivors (1024K)
 Metaspace       used 79762K, committed 80320K, reserved 1179648K
  class space    used 10745K, committed 11008K, reserved 1048576K
}

