# JRE version: OpenJDK Runtime Environment (17.0.7) (build 17.0.7+0-b2043.56-10550314)
# Java VM: OpenJDK 64-Bit Server VM (17.0.7+0-b2043.56-10550314, mixed mode, tiered, compressed oops, compressed class ptrs, g1 gc, windows-amd64)
GC Precious Log:
 CPUs: 8 total, 8 available
 Memory: 16253M
 Large Page Support: Disabled
 NUMA Support: Disabled
 Compressed Oops: Enabled (32-bit)
 Heap Region Size: 1M
 Heap Min Capacity: 8M
 Heap Initial Capacity: 254M
 Heap Max Capacity: 2G
 Pre-touch: Disabled
 Parallel Workers: 8
 Concurrent Workers: 2
 Concurrent Refinement Workers: 8
 Periodic GC: Disabled
Heap:
 garbage-first heap   total 211968K, used 79924K [0x0000000080000000, 0x0000000100000000)
  region size 1024K, 1 young (1024K), 1 survivors (1024K)
 Metaspace       used 79230K, committed 79808K, reserved 1179648K
  class space    used 10662K, committed 10944K, reserved 1048576K
GC Heap History (20 events):
Event: 5.130 GC heap after
{Heap after GC invocations=24 (full 0):
 garbage-first heap   total 112640K, used 61905K [0x0000000080000000, 0x0000000100000000)
  region size 1024K, 2 young (2048K), 2 survivors (2048K)
 Metaspace       used 61465K, committed 62016K, reserved 1114112K
  class space    used 8242K, committed 8512K, reserved 1048576K
}
Event: 5.164 GC heap before
{Heap before GC invocations=24 (full 0):
 garbage-first heap   total 112640K, used 64977K [0x0000000080000000, 0x0000000100000000)
  region size 1024K, 5 young (5120K), 2 survivors (2048K)
 Metaspace       used 61733K, committed 62336K, reserved 1114112K
  class space    used 8292K, committed 8576K, reserved 1048576K
}
Event: 5.166 GC heap after
{Heap after GC invocations=25 (full 0):
 garbage-first heap   total 112640K, used 61290K [0x0000000080000000, 0x0000000100000000)
  region size 1024K, 1 young (1024K), 1 survivors (1024K)
 Metaspace       used 61733K, committed 62336K, reserved 1114112K
  class space    used 8292K, committed 8576K, reserved 1048576K
}
Event: 5.399 GC heap before
{Heap before GC invocations=25 (full 0):
 garbage-first heap   total 112640K, used 78698K [0x0000000080000000, 0x0000000100000000)
  region size 1024K, 19 young (19456K), 1 survivors (1024K)
 Metaspace       used 65289K, committed 65920K, reserved 1114112K
  class space    used 8747K, committed 9088K, reserved 1048576K
}
Event: 5.401 GC heap after
{Heap after GC invocations=26 (full 0):
 garbage-first heap   total 135168K, used 63170K [0x0000000080000000, 0x0000000100000000)
  region size 1024K, 3 young (3072K), 3 survivors (3072K)
 Metaspace       used 65289K, committed 65920K, reserved 1114112K
  class space    used 8747K, committed 9088K, reserved 1048576K
}
Event: 5.686 GC heap before
{Heap before GC invocations=27 (full 0):
 garbage-first heap   total 137216K, used 108226K [0x0000000080000000, 0x0000000100000000)
  region size 1024K, 41 young (41984K), 3 survivors (3072K)
 Metaspace       used 67404K, committed 67968K, reserved 1114112K
  class space    used 9039K, committed 9344K, reserved 1048576K
}
Event: 5.689 GC heap after
{Heap after GC invocations=28 (full 0):
 garbage-first heap   total 137216K, used 67112K [0x0000000080000000, 0x0000000100000000)
  region size 1024K, 6 young (6144K), 6 survivors (6144K)
 Metaspace       used 67404K, committed 67968K, reserved 1114112K
  class space    used 9039K, committed 9344K, reserved 1048576K
}
Event: 5.700 GC heap before
{Heap before GC invocations=28 (full 0):
 garbage-first heap   total 137216K, used 68136K [0x0000000080000000, 0x0000000100000000)
  region size 1024K, 7 young (7168K), 6 survivors (6144K)
 Metaspace       used 67482K, committed 68032K, reserved 1114112K
  class space    used 9048K, committed 9344K, reserved 1048576K
}
Event: 5.702 GC heap after
{Heap after GC invocations=29 (full 0):
 garbage-first heap   total 137216K, used 67319K [0x0000000080000000, 0x0000000100000000)
  region size 1024K, 1 young (1024K), 1 survivors (1024K)
 Metaspace       used 67482K, committed 68032K, reserved 1114112K
  class space    used 9048K, committed 9344K, reserved 1048576K
}
Event: 6.013 GC heap before
{Heap before GC invocations=29 (full 0):
 garbage-first heap   total 137216K, used 104183K [0x0000000080000000, 0x0000000100000000)
  region size 1024K, 38 young (38912K), 1 survivors (1024K)
 Metaspace       used 70532K, committed 71168K, reserved 1114112K
  class space    used 9482K, committed 9792K, reserved 1048576K
}
Event: 6.015 GC heap after
{Heap after GC invocations=30 (full 0):
 garbage-first heap   total 137216K, used 68474K [0x0000000080000000, 0x0000000100000000)
  region size 1024K, 2 young (2048K), 2 survivors (2048K)
 Metaspace       used 70532K, committed 71168K, reserved 1114112K
  class space    used 9482K, committed 9792K, reserved 1048576K
}
Event: 6.309 GC heap before
{Heap before GC invocations=31 (full 0):
 garbage-first heap   total 137216K, used 111482K [0x0000000080000000, 0x0000000100000000)
  region size 1024K, 40 young (40960K), 2 survivors (2048K)
 Metaspace       used 74602K, committed 75136K, reserved 1114112K
  class space    used 10032K, committed 10304K, reserved 1048576K
}
Event: 6.312 GC heap after
{Heap after GC invocations=32 (full 0):
 garbage-first heap   total 137216K, used 74982K [0x0000000080000000, 0x0000000100000000)
  region size 1024K, 5 young (5120K), 5 survivors (5120K)
 Metaspace       used 74602K, committed 75136K, reserved 1114112K
  class space    used 10032K, committed 10304K, reserved 1048576K
}
Event: 6.320 GC heap before
{Heap before GC invocations=32 (full 0):
 garbage-first heap   total 137216K, used 76006K [0x0000000080000000, 0x0000000100000000)
  region size 1024K, 6 young (6144K), 5 survivors (5120K)
 Metaspace       used 74728K, committed 75264K, reserved 1114112K
  class space    used 10049K, committed 10304K, reserved 1048576K
}
Event: 6.322 GC heap after
{Heap after GC invocations=33 (full 0):
 garbage-first heap   total 137216K, used 75329K [0x0000000080000000, 0x0000000100000000)
  region size 1024K, 1 young (1024K), 1 survivors (1024K)
 Metaspace       used 74728K, committed 75264K, reserved 1114112K
  class space    used 10049K, committed 10304K, reserved 1048576K
}
Event: 6.593 GC heap before
{Heap before GC invocations=33 (full 0):
 garbage-first heap   total 137216K, used 111169K [0x0000000080000000, 0x0000000100000000)
  region size 1024K, 36 young (36864K), 1 survivors (1024K)
 Metaspace       used 77443K, committed 78080K, reserved 1179648K
  class space    used 10433K, committed 10752K, reserved 1048576K
}
Event: 6.596 GC heap after
{Heap after GC invocations=34 (full 0):
 garbage-first heap   total 137216K, used 76534K [0x0000000080000000, 0x0000000100000000)
  region size 1024K, 2 young (2048K), 2 survivors (2048K)
 Metaspace       used 77443K, committed 78080K, reserved 1179648K
  class space    used 10433K, committed 10752K, reserved 1048576K
}
Event: 6.872 GC heap before
{Heap before GC invocations=35 (full 0):
 garbage-first heap   total 137216K, used 111350K [0x0000000080000000, 0x0000000100000000)
  region size 1024K, 37 young (37888K), 2 survivors (2048K)
 Metaspace       used 79169K, committed 79744K, reserved 1179648K
  class space    used 10656K, committed 10944K, reserved 1048576K
}
Event: 6.875 GC heap after
{Heap after GC invocations=36 (full 0):
 garbage-first heap   total 137216K, used 79744K [0x0000000080000000, 0x0000000100000000)
  region size 1024K, 5 young (5120K), 5 survivors (5120K)
 Metaspace       used 79169K, committed 79744K, reserved 1179648K
  class space    used 10656K, committed 10944K, reserved 1048576K
}
Event: 6.879 GC heap before
{Heap before GC invocations=36 (full 0):
 garbage-first heap   total 137216K, used 80768K [0x0000000080000000, 0x0000000100000000)
  region size 1024K, 6 young (6144K), 5 survivors (5120K)
 Metaspace       used 79230K, committed 79808K, reserved 1179648K
  class space    used 10662K, committed 10944K, reserved 1048576K
}

